[25-Jul-2014 20:56:53] PHP Notice:  Undefined property: Users::$save in php shell code on line 1
[25-Jul-2014 21:03:54] PHP Notice:  Undefined property: Users::$save in php shell code on line 1
[25-Jul-2014 21:05:22] inserting
[25-Jul-2014 21:05:22] INSERT INTO users (id, username, password, create_dt, modify_dt) VALUES (?, ?, ?, ?, ?)
[25-Jul-2014 21:10:35] PHP Fatal error:  Call to a member function extract() on a non-object in php shell code on line 1
[25-Jul-2014 21:12:58] PHP Fatal error:  Class 'MysqlConnect' not found in /var/www/html/example/lib/connect/mysql_tables/Users.class.php on line 3
[25-Jul-2014 21:13:24] PHP Fatal error:  Class 'MysqlConnect' not found in /var/www/html/example/lib/connect/mysql_tables/Users.class.php on line 3
[25-Jul-2014 21:29:43] PHP Warning:  in_array() expects parameter 2 to be array, null given in /var/www/html/example/lib/connect/MysqlConnect.class.php on line 148
[25-Jul-2014 21:29:43] SQLSTATE: 42000
[25-Jul-2014 21:29:43] PHP Notice:  Undefined variable: error in /var/www/html/example/lib/connect/MysqlConnect.class.php on line 183
[25-Jul-2014 21:29:43] MySQL Error COde: 
[25-Jul-2014 21:29:43] PHP Notice:  Undefined variable: error in /var/www/html/example/lib/connect/MysqlConnect.class.php on line 184
[25-Jul-2014 21:29:43] MySQL Message: 
[25-Jul-2014 21:34:12] PHP Parse error:  syntax error, unexpected T_STRING, expecting T_VARIABLE in php shell code on line 1
[25-Jul-2014 21:34:26] PHP Fatal error:  Class 'a' not found in php shell code on line 1
[25-Jul-2014 21:35:11] PHP Parse error:  syntax error, unexpected T_STRING, expecting T_VARIABLE in php shell code on line 1
[25-Jul-2014 21:35:17] PHP Fatal error:  Class 'a' not found in php shell code on line 1
[25-Jul-2014 21:53:58] inserting
[25-Jul-2014 21:53:58] INSERT INTO users (id, username, password, create_dt, modify_dt) VALUES (?, ?, ?, ?, ?)
[25-Jul-2014 21:55:30] PHP Fatal error:  Call to undefined method Users::deleteByPk() in php shell code on line 1
[25-Jul-2014 21:55:52] PHP Warning:  in_array() expects parameter 2 to be array, null given in /var/www/html/example/lib/connect/MysqlConnect.class.php on line 148
[25-Jul-2014 21:55:52] SQLSTATE: 42000
[25-Jul-2014 21:55:52] PHP Notice:  Undefined variable: error in /var/www/html/example/lib/connect/MysqlConnect.class.php on line 183
[25-Jul-2014 21:55:52] MySQL Error COde: 
[25-Jul-2014 21:55:52] PHP Notice:  Undefined variable: error in /var/www/html/example/lib/connect/MysqlConnect.class.php on line 184
[25-Jul-2014 21:55:52] MySQL Message: 
[25-Jul-2014 21:56:09] PHP Notice:  Undefined variable: id in /var/www/html/example/lib/connect/MysqlConnect.class.php on line 205
[25-Jul-2014 21:57:09] PHP Notice:  Undefined variable: id in /var/www/html/example/lib/connect/MysqlConnect.class.php on line 205
[25-Jul-2014 22:01:38] inserting
[25-Jul-2014 22:01:38] INSERT INTO users (id, username, password, create_dt, modify_dt) VALUES (?, ?, ?, ?, ?)
[25-Jul-2014 22:11:15] PHP Fatal error:  Class 'MysqlConnector' not found in /var/www/html/example/lib/connect/mysql_tables/Monkeys.class.php on line 3
[25-Jul-2014 22:12:06] PHP Fatal error:  Class 'MysqlConnec' not found in /var/www/html/example/lib/connect/mysql_tables/Monkeys.class.php on line 3
[25-Jul-2014 22:13:08] inserting
[25-Jul-2014 22:13:08] INSERT INTO monkeys (id, name, poops_given, create_dt, modify_dt) VALUES (?, ?, ?, ?, ?)
[25-Jul-2014 22:14:53] inserting
[25-Jul-2014 22:14:53] INSERT INTO monkeys (id, name, poops_given, create_dt, modify_dt) VALUES (?, ?, ?, ?, ?)
[25-Jul-2014 22:18:17] inserting
[25-Jul-2014 22:18:17] INSERT INTO monkeys (id, name, poops_given, create_dt, modify_dt) VALUES (?, ?, ?, ?, ?)
[25-Jul-2014 22:36:07] inserting
[25-Jul-2014 22:36:07] INSERT INTO users (id, username, password, create_dt, modify_dt) VALUES (?, ?, ?, ?, ?)
[25-Jul-2014 22:36:34] PHP Warning:  in_array() expects parameter 2 to be array, null given in /var/www/html/example/lib/connect/MysqlConnect.class.php on line 132
[25-Jul-2014 22:36:34] SQLSTATE: 42000
[25-Jul-2014 22:36:34] PHP Notice:  Undefined variable: error in /var/www/html/example/lib/connect/MysqlConnect.class.php on line 167
[25-Jul-2014 22:36:34] MySQL Error COde: 
[25-Jul-2014 22:36:34] PHP Notice:  Undefined variable: error in /var/www/html/example/lib/connect/MysqlConnect.class.php on line 168
[25-Jul-2014 22:36:34] MySQL Message: 
[25-Jul-2014 22:38:55] PHP Notice:  Use of undefined constant flase - assumed 'flase' in /var/www/html/example/lib/connect/MysqlConnect.class.php on line 175
[25-Jul-2014 22:38:55] PHP Warning:  in_array() expects parameter 2 to be array, null given in /var/www/html/example/lib/connect/MysqlConnect.class.php on line 134
[25-Jul-2014 22:38:55] PHP Notice:  Undefined offset: 1 in /var/www/html/example/lib/connect/MysqlConnect.class.php on line 157
[25-Jul-2014 22:38:55] PHP Warning:  Invalid argument supplied for foreach() in /var/www/html/example/lib/connect/MysqlConnect.class.php on line 178
[25-Jul-2014 22:39:38] PHP Notice:  Use of undefined constant flase - assumed 'flase' in /var/www/html/example/lib/connect/MysqlConnect.class.php on line 176
[25-Jul-2014 22:39:38] PHP Warning:  in_array() expects parameter 2 to be array, null given in /var/www/html/example/lib/connect/MysqlConnect.class.php on line 135
[25-Jul-2014 22:39:38] PHP Notice:  Undefined offset: 1 in /var/www/html/example/lib/connect/MysqlConnect.class.php on line 158
[25-Jul-2014 22:39:38] PHP Warning:  Invalid argument supplied for foreach() in /var/www/html/example/lib/connect/MysqlConnect.class.php on line 179
[25-Jul-2014 22:40:48] PHP Notice:  Use of undefined constant flase - assumed 'flase' in /var/www/html/example/lib/connect/MysqlConnect.class.php on line 176
[25-Jul-2014 22:40:48] PHP Notice:  Undefined offset: 1 in /var/www/html/example/lib/connect/MysqlConnect.class.php on line 158
[25-Jul-2014 22:40:48] PHP Warning:  Invalid argument supplied for foreach() in /var/www/html/example/lib/connect/MysqlConnect.class.php on line 179
[25-Jul-2014 22:40:59] PHP Notice:  Use of undefined constant flase - assumed 'flase' in /var/www/html/example/lib/connect/MysqlConnect.class.php on line 176
[25-Jul-2014 22:40:59] PHP Warning:  in_array() expects parameter 2 to be array, null given in /var/www/html/example/lib/connect/MysqlConnect.class.php on line 135
[25-Jul-2014 22:40:59] PHP Notice:  Undefined offset: 1 in /var/www/html/example/lib/connect/MysqlConnect.class.php on line 158
[25-Jul-2014 22:40:59] PHP Warning:  Invalid argument supplied for foreach() in /var/www/html/example/lib/connect/MysqlConnect.class.php on line 179
[25-Jul-2014 22:40:59] PHP Notice:  Use of undefined constant flase - assumed 'flase' in /var/www/html/example/lib/connect/MysqlConnect.class.php on line 176
[25-Jul-2014 22:40:59] PHP Warning:  in_array() expects parameter 2 to be array, null given in /var/www/html/example/lib/connect/MysqlConnect.class.php on line 135
[25-Jul-2014 22:40:59] PHP Notice:  Undefined offset: 1 in /var/www/html/example/lib/connect/MysqlConnect.class.php on line 158
[25-Jul-2014 22:40:59] PHP Warning:  Invalid argument supplied for foreach() in /var/www/html/example/lib/connect/MysqlConnect.class.php on line 179
[25-Jul-2014 22:41:16] PHP Notice:  Use of undefined constant flase - assumed 'flase' in /var/www/html/example/lib/connect/MysqlConnect.class.php on line 176
[25-Jul-2014 22:41:16] PHP Notice:  Undefined offset: 1 in /var/www/html/example/lib/connect/MysqlConnect.class.php on line 158
[25-Jul-2014 22:41:16] PHP Warning:  Invalid argument supplied for foreach() in /var/www/html/example/lib/connect/MysqlConnect.class.php on line 179
[25-Jul-2014 22:41:26] PHP Notice:  Use of undefined constant flase - assumed 'flase' in /var/www/html/example/lib/connect/MysqlConnect.class.php on line 176
[25-Jul-2014 22:41:26] PHP Notice:  Undefined offset: 1 in /var/www/html/example/lib/connect/MysqlConnect.class.php on line 158
[25-Jul-2014 22:41:26] PHP Warning:  Invalid argument supplied for foreach() in /var/www/html/example/lib/connect/MysqlConnect.class.php on line 179
[25-Jul-2014 22:42:14] PHP Warning:  in_array() expects parameter 2 to be array, null given in /var/www/html/example/lib/connect/MysqlConnect.class.php on line 135
[25-Jul-2014 22:42:14] SQLSTATE: 42000
[25-Jul-2014 22:42:14] PHP Notice:  Undefined variable: error in /var/www/html/example/lib/connect/MysqlConnect.class.php on line 170
[25-Jul-2014 22:42:14] MySQL Error COde: 
[25-Jul-2014 22:42:14] PHP Notice:  Undefined variable: error in /var/www/html/example/lib/connect/MysqlConnect.class.php on line 171
[25-Jul-2014 22:42:14] MySQL Message: 
[25-Jul-2014 22:42:25] PHP Warning:  in_array() expects parameter 2 to be array, null given in /var/www/html/example/lib/connect/MysqlConnect.class.php on line 135
[25-Jul-2014 22:42:25] SQLSTATE: 42000
[25-Jul-2014 22:42:25] PHP Notice:  Undefined variable: error in /var/www/html/example/lib/connect/MysqlConnect.class.php on line 170
[25-Jul-2014 22:42:25] MySQL Error COde: 
[25-Jul-2014 22:42:25] PHP Notice:  Undefined variable: error in /var/www/html/example/lib/connect/MysqlConnect.class.php on line 171
[25-Jul-2014 22:42:25] MySQL Message: 
[25-Jul-2014 22:46:17] PHP Fatal error:  Allowed memory size of 134217728 bytes exhausted (tried to allocate 523800 bytes) in /var/www/html/example/lib/connect/MysqlConnect.class.php on line 8
[25-Jul-2014 22:48:42] PHP Fatal error:  Class 'Users' not found in php shell code on line 1
[25-Jul-2014 22:49:14] PHP Fatal error:  Call to undefined method Users::getByPk() in php shell code on line 1
[28-Jul-2014 13:27:18] inserting
[28-Jul-2014 13:27:18] INSERT INTO users (id, username, password, create_dt, modify_dt) VALUES (?, ?, ?, ?, ?)
[28-Jul-2014 13:38:39] PHP Fatal error:  Class 'Users' not found in php shell code on line 1
[28-Jul-2014 13:49:13] SQLSTATE: 42S02
[28-Jul-2014 13:49:13] PHP Notice:  Undefined variable: error in /var/www/html/example/lib/connect/MysqlConnect.class.php on line 260
[28-Jul-2014 13:49:13] MySQL Error COde: 
[28-Jul-2014 13:49:13] PHP Notice:  Undefined variable: error in /var/www/html/example/lib/connect/MysqlConnect.class.php on line 261
[28-Jul-2014 13:49:13] MySQL Message: 
[28-Jul-2014 13:54:02] SQLSTATE: 42000
[28-Jul-2014 13:54:03] PHP Notice:  Undefined variable: error in /var/www/html/example/lib/connect/MysqlConnect.class.php on line 260
[28-Jul-2014 13:54:03] MySQL Error COde: 
[28-Jul-2014 13:54:03] PHP Notice:  Undefined variable: error in /var/www/html/example/lib/connect/MysqlConnect.class.php on line 261
[28-Jul-2014 13:54:03] MySQL Message: 
[28-Jul-2014 14:09:52] PHP Fatal error:  Undefined class constant 'FETCH_OBJECT' in /var/www/html/example/lib/connect/MysqlConnect.class.php on line 256
[28-Jul-2014 15:15:43] inserting
[28-Jul-2014 15:15:43] INSERT INTO users (id, username, password, create_dt, modify_dt) VALUES (?, ?, ?, ?, ?)
[28-Jul-2014 15:16:27] PHP Fatal error:  Undefined class constant '_salt' in /var/www/html/example/lib/connect/mysql_tables/Users.class.php on line 32
[28-Jul-2014 15:17:22] PHP Fatal error:  Undefined class constant '_salt' in /var/www/html/example/lib/connect/mysql_tables/Users.class.php on line 32
[28-Jul-2014 15:18:28] PHP Notice:  Undefined property: Users::$_salt in /var/www/html/example/lib/connect/mysql_tables/Users.class.php on line 32
[28-Jul-2014 15:18:47] PHP Fatal error:  Undefined class constant '_salt' in /var/www/html/example/lib/connect/mysql_tables/Users.class.php on line 36
[28-Jul-2014 15:19:38] PHP Fatal error:  Undefined class constant '_salt' in /var/www/html/example/lib/connect/mysql_tables/Users.class.php on line 36
[28-Jul-2014 15:20:29] PHP Fatal error:  Undefined class constant '_salt' in /var/www/html/example/lib/connect/mysql_tables/Users.class.php on line 36
[28-Jul-2014 15:21:11] PHP Fatal error:  Undefined class constant '_salt' in /var/www/html/example/lib/connect/mysql_tables/Users.class.php on line 36
[28-Jul-2014 15:21:48] PHP Fatal error:  Undefined class constant '_salt' in /var/www/html/example/lib/connect/mysql_tables/Users.class.php on line 36
[28-Jul-2014 15:34:00] PHP Fatal error:  Call to undefined function Users() in php shell code on line 1
[30-Jul-2014 13:35:13] inserting
[30-Jul-2014 13:35:13] INSERT INTO users (id, username, password, create_dt, modify_dt) VALUES (?, ?, ?, ?, ?)
[30-Jul-2014 16:43:25] PHP Warning:  Cannot modify header information - headers already sent by (output started at php shell code:1) in /var/www/html/example/lib/controllers/Test.class.php on line 9
[30-Jul-2014 16:43:25] PHP Notice:  Undefined variable: _SESSION in /var/www/html/example/lib/controllers/Test.class.php on line 10
